2025-12-02 10:31:37 [INFO] [index.js:10 Server.<anonymous>]: Server running on port 5001
2025-12-02 10:42:22 [INFO] [index.js:10 Server.<anonymous>]: Server running on port 5001
2025-12-02 10:42:43 [INFO] [index.js:10 Server.<anonymous>]: Server running on port 5001
2025-12-02 10:42:46 [INFO] [index.js:10 Server.<anonymous>]: Server running on port 5001
2025-12-02 10:42:53 [INFO] [index.js:10 Server.<anonymous>]: Server running on port 5001
2025-12-02 10:43:04 [INFO] [index.js:10 Server.<anonymous>]: Server running on port 5001
2025-12-02 10:43:10 [INFO] [index.js:10 Server.<anonymous>]: Server running on port 5001
2025-12-02 10:43:16 [INFO] [index.js:10 Server.<anonymous>]: Server running on port 5001
2025-12-02 10:43:17 [INFO] [index.js:10 Server.<anonymous>]: Server running on port 5001
2025-12-02 10:43:19 [INFO] [index.js:10 Server.<anonymous>]: Server running on port 5001
2025-12-02 10:44:20 [INFO] [index.js:10 Server.<anonymous>]: Server running on port 5001
2025-12-02 10:44:27 [INFO] [index.js:10 Server.<anonymous>]: Server running on port 5001
2025-12-02 10:44:32 [INFO] [index.js:10 Server.<anonymous>]: Server running on port 5001
2025-12-02 10:44:39 [INFO] [index.js:10 Server.<anonymous>]: Server running on port 5001
2025-12-02 10:44:45 [INFO] [index.js:10 Server.<anonymous>]: Server running on port 5001
2025-12-02 10:44:46 [INFO] [index.js:10 Server.<anonymous>]: Server running on port 5001
2025-12-02 10:44:48 [INFO] [index.js:10 Server.<anonymous>]: Server running on port 5001
2025-12-02 10:44:54 [INFO] [index.js:10 Server.<anonymous>]: Server running on port 5001
2025-12-02 10:44:59 [INFO] [index.js:10 Server.<anonymous>]: Server running on port 5001
2025-12-02 10:45:02 [INFO] [index.js:10 Server.<anonymous>]: Server running on port 5001
2025-12-02 10:45:17 [INFO] [index.js:10 Server.<anonymous>]: Server running on port 5001
2025-12-02 10:45:19 [INFO] [index.js:10 Server.<anonymous>]: Server running on port 5001
2025-12-02 10:45:23 [INFO] [index.js:10 Server.<anonymous>]: Server running on port 5001
2025-12-02 10:45:26 [INFO] [index.js:10 Server.<anonymous>]: Server running on port 5001
2025-12-02 10:45:29 [INFO] [index.js:10 Server.<anonymous>]: Server running on port 5001
2025-12-02 10:45:33 [INFO] [index.js:10 Server.<anonymous>]: Server running on port 5001
2025-12-02 10:45:39 [INFO] [index.js:10 Server.<anonymous>]: Server running on port 5001
2025-12-02 10:45:43 [INFO] [index.js:10 Server.<anonymous>]: Server running on port 5001
2025-12-02 10:45:46 [INFO] [index.js:10 Server.<anonymous>]: Server running on port 5001
2025-12-02 10:45:48 [INFO] [index.js:10 Server.<anonymous>]: Server running on port 5001
2025-12-02 10:46:38 [INFO] [index.js:10 Server.<anonymous>]: Server running on port 5001
2025-12-02 10:46:41 [INFO] [index.js:10 Server.<anonymous>]: Server running on port 5001
2025-12-02 10:46:44 [INFO] [index.js:10 Server.<anonymous>]: Server running on port 5001
2025-12-02 10:46:45 [INFO] [index.js:10 Server.<anonymous>]: Server running on port 5001
2025-12-02 10:46:47 [INFO] [index.js:10 Server.<anonymous>]: Server running on port 5001
2025-12-02 10:46:49 [INFO] [index.js:10 Server.<anonymous>]: Server running on port 5001
2025-12-02 10:46:50 [INFO] [index.js:10 Server.<anonymous>]: Server running on port 5001
2025-12-02 10:46:52 [INFO] [index.js:10 Server.<anonymous>]: Server running on port 5001
2025-12-02 10:46:56 [INFO] [index.js:10 Server.<anonymous>]: Server running on port 5001
2025-12-02 10:48:07 [INFO] [index.js:10 Server.<anonymous>]: Server running on port 5001
2025-12-02 10:48:59 [INFO] [index.js:10 Server.<anonymous>]: Server running on port 5001
2025-12-02 10:51:09 [INFO] [index.js:10 Server.<anonymous>]: Server running on port 5001
2025-12-02 10:53:36 [INFO] [index.js:10 Server.<anonymous>]: Server running on port 5001
2025-12-02 10:59:52 [INFO] [index.js:10 Server.<anonymous>]: Server running on port 5001
2025-12-02 10:59:53 [INFO] [index.js:10 Server.<anonymous>]: Server running on port 5001
2025-12-02 11:00:01 [INFO] [index.js:10 Server.<anonymous>]: Server running on port 5001
2025-12-02 11:00:08 [INFO] [index.js:10 Server.<anonymous>]: Server running on port 5001
2025-12-02 11:02:31 [INFO] [index.js:10 Server.<anonymous>]: Server running on port 5001
2025-12-02 11:02:38 [INFO] [index.js:10 Server.<anonymous>]: Server running on port 5001
2025-12-02 11:02:46 [INFO] [index.js:10 Server.<anonymous>]: Server running on port 5001
2025-12-02 11:02:55 [INFO] [index.js:10 Server.<anonymous>]: Server running on port 5001
2025-12-02 11:02:57 [INFO] [index.js:10 Server.<anonymous>]: Server running on port 5001
2025-12-02 11:02:59 [INFO] [index.js:10 Server.<anonymous>]: Server running on port 5001
2025-12-02 11:03:01 [INFO] [index.js:10 Server.<anonymous>]: Server running on port 5001
2025-12-02 11:03:02 [INFO] [index.js:10 Server.<anonymous>]: Server running on port 5001
2025-12-02 11:03:08 [INFO] [index.js:10 Server.<anonymous>]: Server running on port 5001
2025-12-02 11:03:16 [INFO] [index.js:10 Server.<anonymous>]: Server running on port 5001
2025-12-02 11:03:17 [INFO] [index.js:10 Server.<anonymous>]: Server running on port 5001
2025-12-02 11:03:21 [INFO] [index.js:10 Server.<anonymous>]: Server running on port 5001
2025-12-02 11:03:24 [INFO] [index.js:10 Server.<anonymous>]: Server running on port 5001
2025-12-02 11:03:29 [INFO] [index.js:10 Server.<anonymous>]: Server running on port 5001
2025-12-02 11:03:46 [INFO] [index.js:10 Server.<anonymous>]: Server running on port 5001
2025-12-02 11:03:51 [INFO] [index.js:10 Server.<anonymous>]: Server running on port 5001
2025-12-02 11:03:54 [INFO] [index.js:10 Server.<anonymous>]: Server running on port 5001
2025-12-02 11:03:56 [INFO] [index.js:10 Server.<anonymous>]: Server running on port 5001
2025-12-02 11:03:58 [INFO] [index.js:10 Server.<anonymous>]: Server running on port 5001
2025-12-02 11:04:03 [INFO] [index.js:10 Server.<anonymous>]: Server running on port 5001
2025-12-02 11:04:08 [INFO] [index.js:10 Server.<anonymous>]: Server running on port 5001
2025-12-02 11:04:52 [INFO] [index.js:10 Server.<anonymous>]: Server running on port 5001
2025-12-02 11:04:59 [INFO] [index.js:10 Server.<anonymous>]: Server running on port 5001
2025-12-02 11:05:03 [INFO] [index.js:10 Server.<anonymous>]: Server running on port 5001
2025-12-02 11:05:04 [INFO] [index.js:10 Server.<anonymous>]: Server running on port 5001
2025-12-02 11:05:11 [INFO] [index.js:10 Server.<anonymous>]: Server running on port 5001
2025-12-02 11:05:18 [INFO] [index.js:10 Server.<anonymous>]: Server running on port 5001
2025-12-02 11:05:20 [INFO] [index.js:10 Server.<anonymous>]: Server running on port 5001
2025-12-02 11:05:23 [INFO] [index.js:10 Server.<anonymous>]: Server running on port 5001
2025-12-02 11:05:29 [INFO] [index.js:10 Server.<anonymous>]: Server running on port 5001
2025-12-02 11:05:46 [INFO] [index.js:10 Server.<anonymous>]: Server running on port 5001
2025-12-02 11:05:48 [INFO] [index.js:10 Server.<anonymous>]: Server running on port 5001
2025-12-02 11:05:49 [INFO] [index.js:10 Server.<anonymous>]: Server running on port 5001
2025-12-02 11:06:04 [INFO] [index.js:10 Server.<anonymous>]: Server running on port 5001
2025-12-02 11:06:19 [INFO] [index.js:10 Server.<anonymous>]: Server running on port 5001
2025-12-02 11:06:37 [INFO] [index.js:10 Server.<anonymous>]: Server running on port 5001
2025-12-02 11:09:32 [INFO] [request.logger.js:100 ServerResponse.<anonymous>]: GET /business-types 200 - 41ms {"method":"GET","url":"/business-types","status":200,"duration":"41ms","route":"/business-types"}
2025-12-02 11:10:18 [ERROR] [request.logger.js:96 ServerResponse.<anonymous>]: POST /auth/register 500 - 315ms {"method":"POST","url":"/auth/register","status":500,"duration":"315ms","route":"/auth/register","requestBody":{"userName":"ashique","email":"ashiq@gmail.com","businessName":"Hello Doctor","businessType":"692dcc6594c81ba50f8400bd","password":"ashiq123"},"responseBody":{"statusCode":500,"success":false,"message":"Registration failed","data":null}}
2025-12-02 11:16:18 [INFO] [index.js:10 Server.<anonymous>]: Server running on port 5001
2025-12-02 11:16:35 [ERROR] [request.logger.js:96 ServerResponse.<anonymous>]: POST /auth/register 500 - 315ms {"method":"POST","url":"/auth/register","status":500,"duration":"315ms","route":"/auth/register","requestBody":{"userName":"ashique","email":"ashiq@gmail.com","businessName":"Hello Doctor","businessType":"692dcc6594c81ba50f8400bd","password":"ashiq123"},"responseBody":{"statusCode":500,"success":false,"message":"Registration failed","data":null}}
2025-12-02 11:17:50 [INFO] [index.js:10 Server.<anonymous>]: Server running on port 5001
2025-12-02 11:18:16 [INFO] [index.js:10 Server.<anonymous>]: Server running on port 5001
2025-12-02 11:18:26 [INFO] [index.js:10 Server.<anonymous>]: Server running on port 5001
2025-12-02 11:19:08 [INFO] [index.js:10 Server.<anonymous>]: Server running on port 5001
2025-12-02 11:19:14 [ERROR] [request.logger.js:96 ServerResponse.<anonymous>]: POST /auth/register 500 - 406ms {"method":"POST","url":"/auth/register","status":500,"duration":"406ms","route":"/auth/register","requestBody":{"userName":"ashique","email":"ashiq@gmail.com","businessName":"Hello Doctor","businessType":"692dcc6594c81ba50f8400bd","password":"ashiq123"},"responseBody":{"statusCode":500,"success":false,"message":"Registration failed","data":null}}
2025-12-02 11:19:32 [ERROR] [request.logger.js:96 ServerResponse.<anonymous>]: POST /auth/register 500 - 316ms {"method":"POST","url":"/auth/register","status":500,"duration":"316ms","route":"/auth/register","requestBody":{"userName":"ashique","email":"ashiq@gmail.com","businessName":"Hello Doctor","password":"ashiq123"},"responseBody":{"statusCode":500,"success":false,"message":"Registration failed","data":null}}
2025-12-02 11:19:52 [INFO] [index.js:10 Server.<anonymous>]: Server running on port 5001
2025-12-02 11:19:56 [ERROR] [request.logger.js:96 ServerResponse.<anonymous>]: POST /auth/register 500 - 333ms {"method":"POST","url":"/auth/register","status":500,"duration":"333ms","route":"/auth/register","requestBody":{"userName":"ashique","email":"ashiq@gmail.com","businessName":"Hello Doctor","password":"ashiq123"},"responseBody":{"statusCode":500,"success":false,"message":{},"data":null}}
2025-12-02 11:20:11 [INFO] [index.js:10 Server.<anonymous>]: Server running on port 5001
2025-12-02 11:20:16 [INFO] [index.js:10 Server.<anonymous>]: Server running on port 5001
2025-12-02 11:20:17 [INFO] [index.js:10 Server.<anonymous>]: Server running on port 5001
2025-12-02 11:20:20 [ERROR] [request.logger.js:96 ServerResponse.<anonymous>]: POST /auth/register 500 - 315ms {"method":"POST","url":"/auth/register","status":500,"duration":"315ms","route":"/auth/register","requestBody":{"userName":"ashique","email":"ashiq@gmail.com","businessName":"Hello Doctor","password":"ashiq123"},"responseBody":{"statusCode":500,"success":false,"message":"Registration failed","data":null}}
2025-12-02 11:20:46 [INFO] [index.js:10 Server.<anonymous>]: Server running on port 5001
2025-12-02 11:21:16 [INFO] [request.logger.js:100 ServerResponse.<anonymous>]: POST /auth/register 201 - 355ms {"method":"POST","url":"/auth/register","status":201,"duration":"355ms","route":"/auth/register","requestBody":{"userName":"ashique","email":"ashiq@gmail.com","businessName":"Hello Doctor","password":"ashiq123"},"responseBody":{"statusCode":201,"success":true,"message":"Registration successful","data":{"user":{"userName":"ashique","email":"ashiq@gmail.com","businessName":"Hello Doctor","isActive":true,"_id":"692e7e53af8320c10252583d","createdAt":"2025-12-02T05:51:15.772Z","updatedAt":"2025-12-02T05:51:15.772Z","__v":0},"token":"eyJhbGciOiJIUzI1NiIsInR5cCI6IkpXVCJ9.eyJ1c2VySWQiOiI2OTJlN2U1M2FmODMyMGMxMDI1MjU4M2QiLCJpYXQiOjE3NjQ2NTQ2NzYsImV4cCI6MTc2NDc0MTA3Nn0.j8tdPCPVGa4OT85qL2D_W7z0xq1Sf5hdiV4D8ZINKvM"}}}
2025-12-02 11:21:34 [INFO] [index.js:10 Server.<anonymous>]: Server running on port 5001
2025-12-02 11:22:14 [WARN] [request.logger.js:98 ServerResponse.<anonymous>]: POST /auth/register 400 - 36ms {"method":"POST","url":"/auth/register","status":400,"duration":"36ms","route":"/auth/register","requestBody":{"userName":"ashique","email":"ashiq@gmail.com","businessName":"Hello Doctor","buisnessType":"692dcc6594c81ba50f8400bd","password":"ashiq123"},"responseBody":{"statusCode":400,"success":false,"message":"User already exists","data":null}}
2025-12-02 11:25:32 [ERROR] [request.logger.js:96 ServerResponse.<anonymous>]: POST /auth/register 500 - 45ms {"method":"POST","url":"/auth/register","status":500,"duration":"45ms","route":"/auth/register","requestBody":{"userName":"ashique","email":"ashiq@gmail.com","businessName":"Hello Doctor","buisnessType":"692dcc6594c81ba50f8400bd","password":"ashiq123"},"responseBody":{"statusCode":500,"success":false,"message":"Registration failed","data":null}}
2025-12-02 11:25:51 [ERROR] [request.logger.js:96 ServerResponse.<anonymous>]: POST /auth/register 500 - 317ms {"method":"POST","url":"/auth/register","status":500,"duration":"317ms","route":"/auth/register","requestBody":{"userName":"ashique","email":"ashiq@gmail.com","businessName":"Hello Doctor","businessType":"692dcc6594c81ba50f8400bd","password":"ashiq123"},"responseBody":{"statusCode":500,"success":false,"message":"Registration failed","data":null}}
2025-12-02 11:26:30 [INFO] [index.js:10 Server.<anonymous>]: Server running on port 5001
2025-12-02 11:26:43 [INFO] [index.js:10 Server.<anonymous>]: Server running on port 5001
2025-12-02 11:27:19 [INFO] [index.js:10 Server.<anonymous>]: Server running on port 5001
2025-12-02 11:27:22 [INFO] [index.js:10 Server.<anonymous>]: Server running on port 5001
2025-12-02 11:27:30 [ERROR] [request.logger.js:96 ServerResponse.<anonymous>]: POST /auth/register 500 - 315ms {"method":"POST","url":"/auth/register","status":500,"duration":"315ms","route":"/auth/register","requestBody":{"userName":"ashique","email":"ashiq@gmail.com","businessName":"Hello Doctor","businessType":"692dcc6594c81ba50f8400bd","password":"ashiq123"},"responseBody":{"statusCode":500,"success":false,"message":"Registration failed","data":null}}
2025-12-02 11:29:03 [INFO] [index.js:10 Server.<anonymous>]: Server running on port 5001
2025-12-02 11:30:56 [INFO] [index.js:10 Server.<anonymous>]: Server running on port 5001
2025-12-02 11:32:09 [INFO] [index.js:10 Server.<anonymous>]: Server running on port 5001
2025-12-02 11:32:18 [ERROR] [request.logger.js:96 ServerResponse.<anonymous>]: POST /auth/register 500 - 310ms {"method":"POST","url":"/auth/register","status":500,"duration":"310ms","route":"/auth/register","requestBody":{"userName":"ashique","email":"ashiq@gmail.com","businessName":"Hello Doctor","businessType":"692dcc6594c81ba50f8400bd","password":"ashiq123"},"responseBody":{"statusCode":500,"success":false,"message":"Registration failed","data":null}}
2025-12-02 11:32:30 [ERROR] [request.logger.js:96 ServerResponse.<anonymous>]: POST /auth/register 500 - 314ms {"method":"POST","url":"/auth/register","status":500,"duration":"314ms","route":"/auth/register","requestBody":{"userName":"ashique","email":"ashiq@gmail.com","businessName":"Hello Doctor","businessType":"692dcc6594c81ba50f8400bd","password":"ashiq123"},"responseBody":{"statusCode":500,"success":false,"message":"Registration failed","data":null}}
2025-12-02 11:33:06 [INFO] [index.js:10 Server.<anonymous>]: Server running on port 5001
2025-12-02 11:33:11 [ERROR] [request.logger.js:96 ServerResponse.<anonymous>]: POST /auth/register 500 - 321ms {"method":"POST","url":"/auth/register","status":500,"duration":"321ms","route":"/auth/register","requestBody":{"userName":"ashique","email":"ashiq@gmail.com","businessName":"Hello Doctor","businessType":"692dcc6594c81ba50f8400bd","password":"ashiq123"},"responseBody":{"statusCode":500,"success":false,"message":"Registration failed","data":null}}
2025-12-02 11:33:41 [INFO] [index.js:10 Server.<anonymous>]: Server running on port 5001
2025-12-02 11:33:49 [INFO] [request.logger.js:100 ServerResponse.<anonymous>]: POST /auth/register 201 - 419ms {"method":"POST","url":"/auth/register","status":201,"duration":"419ms","route":"/auth/register","requestBody":{"userName":"ashique","email":"ashiq@gmail.com","businessName":"Hello Doctor","businessType":"692dcc6594c81ba50f8400bd","password":"ashiq123"},"responseBody":{"statusCode":201,"success":true,"message":"Registration successful","data":{"user":{"_id":"692e81442cb6e3da4d5f896f","userName":"ashique","email":"ashiq@gmail.com","businessName":"Hello Doctor","businessType":{"_id":"692dcc6594c81ba50f8400bd","name":"Pharmacy"},"isActive":true,"createdAt":"2025-12-02T06:03:48.851Z","updatedAt":"2025-12-02T06:03:48.851Z","__v":0},"token":"eyJhbGciOiJIUzI1NiIsInR5cCI6IkpXVCJ9.eyJ1c2VySWQiOiI2OTJlODE0NDJjYjZlM2RhNGQ1Zjg5NmYiLCJpYXQiOjE3NjQ2NTU0MjksImV4cCI6MTc2NDc0MTgyOX0.R9FR4-N9flyEOfQS6QD5I0yzPN0NEE0krducgFVJDnI"}}}
2025-12-02 11:35:11 [INFO] [request.logger.js:100 ServerResponse.<anonymous>]: POST /auth/login 200 - 346ms {"method":"POST","url":"/auth/login","status":200,"duration":"346ms","route":"/auth/login","requestBody":{"email":"ashiq@gmail.com","password":"ashiq123"},"responseBody":{"statusCode":200,"success":true,"message":"Login successful","data":{"user":{"_id":"692e81442cb6e3da4d5f896f","userName":"ashique","email":"ashiq@gmail.com","businessName":"Hello Doctor","businessType":{"_id":"692dcc6594c81ba50f8400bd","name":"Pharmacy"},"isActive":true,"createdAt":"2025-12-02T06:03:48.851Z","updatedAt":"2025-12-02T06:03:48.851Z","__v":0},"token":"eyJhbGciOiJIUzI1NiIsInR5cCI6IkpXVCJ9.eyJ1c2VySWQiOiI2OTJlODE0NDJjYjZlM2RhNGQ1Zjg5NmYiLCJpYXQiOjE3NjQ2NTU1MTEsImV4cCI6MTc2NDc0MTkxMX0.UXXsh0rSmENg9lESdT82VcRSSXcpRh3NACEiXCk-Zds"}}}
2025-12-02 11:36:49 [INFO] [index.js:10 Server.<anonymous>]: Server running on port 5001
2025-12-02 11:52:16 [INFO] [index.js:10 Server.<anonymous>]: Server running on port 5001
