2025-12-11 10:31:09 [INFO] [index.js:10 Server.<anonymous>]: Server running on port 5001
2025-12-11 10:34:34 [INFO] [request.logger.js:100 ServerResponse.<anonymous>]: GET /business-types 200 - 41ms {"method":"GET","url":"/business-types","status":200,"duration":"41ms","route":"/business-types","requestBody":{"name":"Pharmacy"}}
2025-12-11 10:34:59 [INFO] [request.logger.js:100 ServerResponse.<anonymous>]: POST /menu/sections 201 - 104ms {"method":"POST","url":"/menu/sections","status":201,"duration":"104ms","route":"/menu/sections","requestBody":{"businessType":["69391e127c8f649a5887127e","69391e197c8f649a58871281"],"label":"Sales Management"},"responseBody":{"statusCode":201,"success":true,"message":"Section created successfully","data":{"businessType":["69391e127c8f649a5887127e","69391e197c8f649a58871281"],"sectionId":"sales-management","label":"Sales Management","type":"section","order":1,"isActive":true,"allowedRoles":[],"_id":"693a50fb43b7c4598527ea28","createdAt":"2025-12-11T05:04:59.727Z","updatedAt":"2025-12-11T05:04:59.727Z","__v":0}}}
2025-12-11 10:38:03 [INFO] [request.logger.js:100 ServerResponse.<anonymous>]: POST /item 201 - 165ms {"method":"POST","url":"/item","status":201,"duration":"165ms","route":"/item","requestBody":{"sectionRef":"693a50fb43b7c4598527ea28","title":"POS Sales","icon":"ti ti-report-money","path":"/pos-billing","allowedRoles":[]},"responseBody":{"statusCode":201,"success":true,"message":"Menu item created successfully","data":{"sectionRef":{"_id":"693a50fb43b7c4598527ea28","businessType":["69391e127c8f649a5887127e","69391e197c8f649a58871281"],"sectionId":"sales-management","label":"Sales Management"},"title":"POS Sales","icon":"ti ti-report-money","path":"/pos-billing","parentId":null,"level":0,"order":1,"allowedRoles":[],"isActive":true,"_id":"693a51b343b7c4598527ea2c","createdAt":"2025-12-11T05:08:03.670Z","updatedAt":"2025-12-11T05:08:03.670Z","__v":0,"id":"693a51b343b7c4598527ea2c"}}}
2025-12-11 10:38:42 [INFO] [request.logger.js:100 ServerResponse.<anonymous>]: POST /auth/login 200 - 529ms {"method":"POST","url":"/auth/login","status":200,"duration":"529ms","route":"/auth/login","requestBody":{"email":"pharmacy@test.com","password":"password123","rememberMe":false},"responseBody":{"statusCode":200,"success":true,"message":"Login successful","data":{"user":{"_id":"693970d93a4c93339d9326e6","userName":"Testing User Pharmacy","email":"pharmacy@test.com","businessName":"Testing Pharmacy","businessType":{"_id":"69391e197c8f649a58871281","name":"Pharmacy"},"isActive":true,"createdAt":"2025-12-10T13:08:41.891Z","updatedAt":"2025-12-10T13:08:41.891Z","__v":0},"token":"eyJhbGciOiJIUzI1NiIsInR5cCI6IkpXVCJ9.eyJ1c2VySWQiOiI2OTM5NzBkOTNhNGM5MzMzOWQ5MzI2ZTYiLCJpYXQiOjE3NjU0Mjk3MjIsImV4cCI6MTc2NTUxNjEyMn0.g0_mrv4b16b9AxDGt6bVg__NBN40gHppaRhepsUYY6g"}}}
2025-12-11 10:38:42 [INFO] [request.logger.js:100 ServerResponse.<anonymous>]: GET /sidebar/69391e197c8f649a58871281 200 - 313ms {"method":"GET","url":"/sidebar/69391e197c8f649a58871281","status":200,"duration":"313ms","route":"/sidebar/:businessType"}
2025-12-11 10:38:42 [INFO] [request.logger.js:100 ServerResponse.<anonymous>]: GET /sidebar/Pharmacy 200 - 359ms {"method":"GET","url":"/sidebar/Pharmacy","status":200,"duration":"359ms","route":"/sidebar/:businessType"}
2025-12-11 10:39:23 [INFO] [request.logger.js:100 ServerResponse.<anonymous>]: GET /sidebar/69391e197c8f649a58871281 304 - 347ms {"method":"GET","url":"/sidebar/69391e197c8f649a58871281","status":304,"duration":"347ms","route":"/sidebar/:businessType"}
2025-12-11 10:39:23 [INFO] [request.logger.js:100 ServerResponse.<anonymous>]: GET /sidebar/Pharmacy 304 - 358ms {"method":"GET","url":"/sidebar/Pharmacy","status":304,"duration":"358ms","route":"/sidebar/:businessType"}
2025-12-11 10:39:23 [INFO] [request.logger.js:100 ServerResponse.<anonymous>]: GET /sidebar/Pharmacy 304 - 368ms {"method":"GET","url":"/sidebar/Pharmacy","status":304,"duration":"368ms","route":"/sidebar/:businessType"}
2025-12-11 10:39:25 [INFO] [request.logger.js:100 ServerResponse.<anonymous>]: GET /sidebar/69391e197c8f649a58871281 304 - 312ms {"method":"GET","url":"/sidebar/69391e197c8f649a58871281","status":304,"duration":"312ms","route":"/sidebar/:businessType"}
2025-12-11 10:39:26 [INFO] [request.logger.js:100 ServerResponse.<anonymous>]: GET /sidebar/Pharmacy 304 - 361ms {"method":"GET","url":"/sidebar/Pharmacy","status":304,"duration":"361ms","route":"/sidebar/:businessType"}
2025-12-11 10:39:26 [INFO] [request.logger.js:100 ServerResponse.<anonymous>]: GET /sidebar/Pharmacy 304 - 344ms {"method":"GET","url":"/sidebar/Pharmacy","status":304,"duration":"344ms","route":"/sidebar/:businessType"}
2025-12-11 10:55:05 [INFO] [request.logger.js:100 ServerResponse.<anonymous>]: POST /auth/login 200 - 371ms {"method":"POST","url":"/auth/login","status":200,"duration":"371ms","route":"/auth/login","requestBody":{"email":"pharmacy@test.com","password":"password123","rememberMe":false},"responseBody":{"statusCode":200,"success":true,"message":"Login successful","data":{"user":{"_id":"693970d93a4c93339d9326e6","userName":"Testing User Pharmacy","email":"pharmacy@test.com","businessName":"Testing Pharmacy","businessType":{"_id":"69391e197c8f649a58871281","name":"Pharmacy"},"isActive":true,"createdAt":"2025-12-10T13:08:41.891Z","updatedAt":"2025-12-10T13:08:41.891Z","__v":0},"token":"eyJhbGciOiJIUzI1NiIsInR5cCI6IkpXVCJ9.eyJ1c2VySWQiOiI2OTM5NzBkOTNhNGM5MzMzOWQ5MzI2ZTYiLCJpYXQiOjE3NjU0MzA3MDUsImV4cCI6MTc2NTUxNzEwNX0.WxMJanV77PoJQNDTXAlj74xzZz27CBO4zqwwM8KxP20"}}}
2025-12-11 10:55:06 [INFO] [request.logger.js:100 ServerResponse.<anonymous>]: GET /sidebar/Pharmacy 304 - 302ms {"method":"GET","url":"/sidebar/Pharmacy","status":304,"duration":"302ms","route":"/sidebar/:businessType"}
2025-12-11 10:55:06 [INFO] [request.logger.js:100 ServerResponse.<anonymous>]: GET /sidebar/69391e197c8f649a58871281 304 - 331ms {"method":"GET","url":"/sidebar/69391e197c8f649a58871281","status":304,"duration":"331ms","route":"/sidebar/:businessType"}
2025-12-11 10:55:59 [INFO] [request.logger.js:100 ServerResponse.<anonymous>]: GET /sidebar/69391e197c8f649a58871281 304 - 322ms {"method":"GET","url":"/sidebar/69391e197c8f649a58871281","status":304,"duration":"322ms","route":"/sidebar/:businessType"}
2025-12-11 10:55:59 [INFO] [request.logger.js:100 ServerResponse.<anonymous>]: GET /sidebar/Pharmacy 304 - 365ms {"method":"GET","url":"/sidebar/Pharmacy","status":304,"duration":"365ms","route":"/sidebar/:businessType"}
2025-12-11 10:55:59 [INFO] [request.logger.js:100 ServerResponse.<anonymous>]: GET /sidebar/Pharmacy 304 - 377ms {"method":"GET","url":"/sidebar/Pharmacy","status":304,"duration":"377ms","route":"/sidebar/:businessType"}
2025-12-11 10:56:23 [INFO] [request.logger.js:100 ServerResponse.<anonymous>]: GET /sidebar/69391e197c8f649a58871281 304 - 332ms {"method":"GET","url":"/sidebar/69391e197c8f649a58871281","status":304,"duration":"332ms","route":"/sidebar/:businessType"}
2025-12-11 10:56:23 [INFO] [request.logger.js:100 ServerResponse.<anonymous>]: GET /sidebar/Pharmacy 304 - 360ms {"method":"GET","url":"/sidebar/Pharmacy","status":304,"duration":"360ms","route":"/sidebar/:businessType"}
2025-12-11 10:56:24 [INFO] [request.logger.js:100 ServerResponse.<anonymous>]: GET /sidebar/Pharmacy 304 - 338ms {"method":"GET","url":"/sidebar/Pharmacy","status":304,"duration":"338ms","route":"/sidebar/:businessType"}
2025-12-11 11:04:19 [INFO] [request.logger.js:100 ServerResponse.<anonymous>]: GET /sidebar/69391e197c8f649a58871281 304 - 297ms {"method":"GET","url":"/sidebar/69391e197c8f649a58871281","status":304,"duration":"297ms","route":"/sidebar/:businessType"}
2025-12-11 11:04:19 [INFO] [request.logger.js:100 ServerResponse.<anonymous>]: GET /sidebar/Pharmacy 304 - 335ms {"method":"GET","url":"/sidebar/Pharmacy","status":304,"duration":"335ms","route":"/sidebar/:businessType"}
2025-12-11 11:04:19 [INFO] [request.logger.js:100 ServerResponse.<anonymous>]: GET /sidebar/Pharmacy 304 - 346ms {"method":"GET","url":"/sidebar/Pharmacy","status":304,"duration":"346ms","route":"/sidebar/:businessType"}
2025-12-11 11:13:38 [INFO] [request.logger.js:100 ServerResponse.<anonymous>]: GET /sidebar/69391e197c8f649a58871281 304 - 306ms {"method":"GET","url":"/sidebar/69391e197c8f649a58871281","status":304,"duration":"306ms","route":"/sidebar/:businessType"}
2025-12-11 11:13:38 [INFO] [request.logger.js:100 ServerResponse.<anonymous>]: GET /sidebar/Pharmacy 304 - 332ms {"method":"GET","url":"/sidebar/Pharmacy","status":304,"duration":"332ms","route":"/sidebar/:businessType"}
2025-12-11 11:13:39 [INFO] [request.logger.js:100 ServerResponse.<anonymous>]: GET /sidebar/Pharmacy 304 - 348ms {"method":"GET","url":"/sidebar/Pharmacy","status":304,"duration":"348ms","route":"/sidebar/:businessType"}
2025-12-11 11:19:38 [INFO] [request.logger.js:100 ServerResponse.<anonymous>]: POST /auth/login 200 - 380ms {"method":"POST","url":"/auth/login","status":200,"duration":"380ms","route":"/auth/login","requestBody":{"email":"inventory@test.com","password":"password123","rememberMe":false},"responseBody":{"statusCode":200,"success":true,"message":"Login successful","data":{"user":{"_id":"693970a63a4c93339d9326c1","userName":"Testing User","email":"inventory@test.com","businessName":"Testing Business","businessType":{"_id":"69391e127c8f649a5887127e","name":"Inventory"},"isActive":true,"createdAt":"2025-12-10T13:07:50.031Z","updatedAt":"2025-12-10T13:07:50.031Z","__v":0},"token":"eyJhbGciOiJIUzI1NiIsInR5cCI6IkpXVCJ9.eyJ1c2VySWQiOiI2OTM5NzBhNjNhNGM5MzMzOWQ5MzI2YzEiLCJpYXQiOjE3NjU0MzIxNzgsImV4cCI6MTc2NTUxODU3OH0.wCpeHC8Cuh1g-5JDZEQ9mkRB9HmqwnYCPuC4hybTCns"}}}
2025-12-11 11:19:39 [INFO] [request.logger.js:100 ServerResponse.<anonymous>]: GET /sidebar/Inventory 200 - 246ms {"method":"GET","url":"/sidebar/Inventory","status":200,"duration":"246ms","route":"/sidebar/:businessType"}
2025-12-11 11:19:39 [INFO] [request.logger.js:100 ServerResponse.<anonymous>]: GET /sidebar/69391e127c8f649a5887127e 200 - 287ms {"method":"GET","url":"/sidebar/69391e127c8f649a5887127e","status":200,"duration":"287ms","route":"/sidebar/:businessType"}
2025-12-11 11:20:35 [INFO] [request.logger.js:100 ServerResponse.<anonymous>]: GET /sidebar/69391e127c8f649a5887127e 304 - 330ms {"method":"GET","url":"/sidebar/69391e127c8f649a5887127e","status":304,"duration":"330ms","route":"/sidebar/:businessType"}
2025-12-11 11:20:35 [INFO] [request.logger.js:100 ServerResponse.<anonymous>]: GET /sidebar/Inventory 304 - 350ms {"method":"GET","url":"/sidebar/Inventory","status":304,"duration":"350ms","route":"/sidebar/:businessType"}
2025-12-11 11:20:35 [INFO] [request.logger.js:100 ServerResponse.<anonymous>]: GET /sidebar/Inventory 304 - 285ms {"method":"GET","url":"/sidebar/Inventory","status":304,"duration":"285ms","route":"/sidebar/:businessType"}
2025-12-11 11:29:56 [INFO] [request.logger.js:100 ServerResponse.<anonymous>]: GET /sidebar/69391e127c8f649a5887127e 304 - 255ms {"method":"GET","url":"/sidebar/69391e127c8f649a5887127e","status":304,"duration":"255ms","route":"/sidebar/:businessType"}
2025-12-11 11:29:56 [INFO] [request.logger.js:100 ServerResponse.<anonymous>]: GET /sidebar/Inventory 304 - 281ms {"method":"GET","url":"/sidebar/Inventory","status":304,"duration":"281ms","route":"/sidebar/:businessType"}
2025-12-11 11:29:56 [INFO] [request.logger.js:100 ServerResponse.<anonymous>]: GET /sidebar/Inventory 304 - 279ms {"method":"GET","url":"/sidebar/Inventory","status":304,"duration":"279ms","route":"/sidebar/:businessType"}
2025-12-11 11:44:57 [INFO] [request.logger.js:100 ServerResponse.<anonymous>]: GET /sidebar/69391e127c8f649a5887127e 304 - 239ms {"method":"GET","url":"/sidebar/69391e127c8f649a5887127e","status":304,"duration":"239ms","route":"/sidebar/:businessType"}
2025-12-11 11:44:57 [INFO] [request.logger.js:100 ServerResponse.<anonymous>]: GET /sidebar/Inventory 304 - 277ms {"method":"GET","url":"/sidebar/Inventory","status":304,"duration":"277ms","route":"/sidebar/:businessType"}
2025-12-11 11:44:57 [INFO] [request.logger.js:100 ServerResponse.<anonymous>]: GET /sidebar/Inventory 304 - 270ms {"method":"GET","url":"/sidebar/Inventory","status":304,"duration":"270ms","route":"/sidebar/:businessType"}
2025-12-11 12:11:13 [INFO] [request.logger.js:100 ServerResponse.<anonymous>]: GET /sidebar/69391e127c8f649a5887127e 304 - 318ms {"method":"GET","url":"/sidebar/69391e127c8f649a5887127e","status":304,"duration":"318ms","route":"/sidebar/:businessType"}
2025-12-11 12:11:13 [INFO] [request.logger.js:100 ServerResponse.<anonymous>]: GET /sidebar/Inventory 304 - 338ms {"method":"GET","url":"/sidebar/Inventory","status":304,"duration":"338ms","route":"/sidebar/:businessType"}
2025-12-11 12:11:13 [INFO] [request.logger.js:100 ServerResponse.<anonymous>]: GET /sidebar/Inventory 304 - 253ms {"method":"GET","url":"/sidebar/Inventory","status":304,"duration":"253ms","route":"/sidebar/:businessType"}
2025-12-11 12:35:17 [INFO] [request.logger.js:100 ServerResponse.<anonymous>]: GET /sidebar/Inventory 304 - 277ms {"method":"GET","url":"/sidebar/Inventory","status":304,"duration":"277ms","route":"/sidebar/:businessType"}
2025-12-11 12:35:17 [INFO] [request.logger.js:100 ServerResponse.<anonymous>]: GET /sidebar/69391e127c8f649a5887127e 304 - 272ms {"method":"GET","url":"/sidebar/69391e127c8f649a5887127e","status":304,"duration":"272ms","route":"/sidebar/:businessType"}
2025-12-11 12:35:17 [INFO] [request.logger.js:100 ServerResponse.<anonymous>]: GET /sidebar/Inventory 304 - 240ms {"method":"GET","url":"/sidebar/Inventory","status":304,"duration":"240ms","route":"/sidebar/:businessType"}
2025-12-11 12:36:55 [INFO] [request.logger.js:100 ServerResponse.<anonymous>]: GET /sidebar/Inventory 304 - 283ms {"method":"GET","url":"/sidebar/Inventory","status":304,"duration":"283ms","route":"/sidebar/:businessType"}
2025-12-11 12:36:55 [INFO] [request.logger.js:100 ServerResponse.<anonymous>]: GET /sidebar/69391e127c8f649a5887127e 304 - 299ms {"method":"GET","url":"/sidebar/69391e127c8f649a5887127e","status":304,"duration":"299ms","route":"/sidebar/:businessType"}
2025-12-11 12:36:55 [INFO] [request.logger.js:100 ServerResponse.<anonymous>]: GET /sidebar/Inventory 304 - 244ms {"method":"GET","url":"/sidebar/Inventory","status":304,"duration":"244ms","route":"/sidebar/:businessType"}
2025-12-11 12:39:08 [INFO] [request.logger.js:100 ServerResponse.<anonymous>]: GET /sidebar/Inventory 304 - 250ms {"method":"GET","url":"/sidebar/Inventory","status":304,"duration":"250ms","route":"/sidebar/:businessType"}
2025-12-11 12:39:08 [INFO] [request.logger.js:100 ServerResponse.<anonymous>]: GET /sidebar/69391e127c8f649a5887127e 304 - 251ms {"method":"GET","url":"/sidebar/69391e127c8f649a5887127e","status":304,"duration":"251ms","route":"/sidebar/:businessType"}
2025-12-11 12:39:08 [INFO] [request.logger.js:100 ServerResponse.<anonymous>]: GET /sidebar/Inventory 304 - 243ms {"method":"GET","url":"/sidebar/Inventory","status":304,"duration":"243ms","route":"/sidebar/:businessType"}
2025-12-11 12:41:03 [INFO] [request.logger.js:100 ServerResponse.<anonymous>]: GET /sidebar/69391e127c8f649a5887127e 304 - 252ms {"method":"GET","url":"/sidebar/69391e127c8f649a5887127e","status":304,"duration":"252ms","route":"/sidebar/:businessType"}
2025-12-11 12:41:03 [INFO] [request.logger.js:100 ServerResponse.<anonymous>]: GET /sidebar/Inventory 304 - 262ms {"method":"GET","url":"/sidebar/Inventory","status":304,"duration":"262ms","route":"/sidebar/:businessType"}
2025-12-11 12:41:03 [INFO] [request.logger.js:100 ServerResponse.<anonymous>]: GET /sidebar/Inventory 304 - 242ms {"method":"GET","url":"/sidebar/Inventory","status":304,"duration":"242ms","route":"/sidebar/:businessType"}
2025-12-11 13:02:31 [INFO] [request.logger.js:100 ServerResponse.<anonymous>]: GET /sidebar/69391e127c8f649a5887127e 304 - 250ms {"method":"GET","url":"/sidebar/69391e127c8f649a5887127e","status":304,"duration":"250ms","route":"/sidebar/:businessType"}
2025-12-11 13:02:31 [INFO] [request.logger.js:100 ServerResponse.<anonymous>]: GET /sidebar/Inventory 304 - 265ms {"method":"GET","url":"/sidebar/Inventory","status":304,"duration":"265ms","route":"/sidebar/:businessType"}
2025-12-11 13:02:31 [INFO] [request.logger.js:100 ServerResponse.<anonymous>]: GET /sidebar/Inventory 304 - 236ms {"method":"GET","url":"/sidebar/Inventory","status":304,"duration":"236ms","route":"/sidebar/:businessType"}
2025-12-11 13:09:29 [INFO] [request.logger.js:100 ServerResponse.<anonymous>]: GET /sidebar/69391e127c8f649a5887127e 304 - 271ms {"method":"GET","url":"/sidebar/69391e127c8f649a5887127e","status":304,"duration":"271ms","route":"/sidebar/:businessType"}
2025-12-11 13:09:29 [INFO] [request.logger.js:100 ServerResponse.<anonymous>]: GET /sidebar/Inventory 304 - 279ms {"method":"GET","url":"/sidebar/Inventory","status":304,"duration":"279ms","route":"/sidebar/:businessType"}
2025-12-11 13:09:30 [INFO] [request.logger.js:100 ServerResponse.<anonymous>]: GET /sidebar/Inventory 304 - 270ms {"method":"GET","url":"/sidebar/Inventory","status":304,"duration":"270ms","route":"/sidebar/:businessType"}
2025-12-11 13:16:38 [INFO] [request.logger.js:100 ServerResponse.<anonymous>]: GET /sidebar/69391e127c8f649a5887127e 304 - 254ms {"method":"GET","url":"/sidebar/69391e127c8f649a5887127e","status":304,"duration":"254ms","route":"/sidebar/:businessType"}
2025-12-11 13:16:38 [INFO] [request.logger.js:100 ServerResponse.<anonymous>]: GET /sidebar/Inventory 304 - 265ms {"method":"GET","url":"/sidebar/Inventory","status":304,"duration":"265ms","route":"/sidebar/:businessType"}
2025-12-11 13:16:38 [INFO] [request.logger.js:100 ServerResponse.<anonymous>]: GET /sidebar/Inventory 304 - 245ms {"method":"GET","url":"/sidebar/Inventory","status":304,"duration":"245ms","route":"/sidebar/:businessType"}
2025-12-11 13:18:57 [INFO] [request.logger.js:100 ServerResponse.<anonymous>]: GET /sidebar/69391e127c8f649a5887127e 304 - 241ms {"method":"GET","url":"/sidebar/69391e127c8f649a5887127e","status":304,"duration":"241ms","route":"/sidebar/:businessType"}
2025-12-11 13:18:57 [INFO] [request.logger.js:100 ServerResponse.<anonymous>]: GET /sidebar/Inventory 304 - 263ms {"method":"GET","url":"/sidebar/Inventory","status":304,"duration":"263ms","route":"/sidebar/:businessType"}
2025-12-11 13:18:58 [INFO] [request.logger.js:100 ServerResponse.<anonymous>]: GET /sidebar/Inventory 304 - 239ms {"method":"GET","url":"/sidebar/Inventory","status":304,"duration":"239ms","route":"/sidebar/:businessType"}
2025-12-11 13:22:43 [INFO] [request.logger.js:100 ServerResponse.<anonymous>]: GET /sidebar/69391e127c8f649a5887127e 304 - 250ms {"method":"GET","url":"/sidebar/69391e127c8f649a5887127e","status":304,"duration":"250ms","route":"/sidebar/:businessType"}
2025-12-11 13:22:43 [INFO] [request.logger.js:100 ServerResponse.<anonymous>]: GET /sidebar/Inventory 304 - 258ms {"method":"GET","url":"/sidebar/Inventory","status":304,"duration":"258ms","route":"/sidebar/:businessType"}
2025-12-11 13:22:44 [INFO] [request.logger.js:100 ServerResponse.<anonymous>]: GET /sidebar/Inventory 304 - 261ms {"method":"GET","url":"/sidebar/Inventory","status":304,"duration":"261ms","route":"/sidebar/:businessType"}
2025-12-11 13:26:20 [INFO] [request.logger.js:100 ServerResponse.<anonymous>]: GET /sidebar/69391e127c8f649a5887127e 304 - 254ms {"method":"GET","url":"/sidebar/69391e127c8f649a5887127e","status":304,"duration":"254ms","route":"/sidebar/:businessType"}
2025-12-11 13:26:20 [INFO] [request.logger.js:100 ServerResponse.<anonymous>]: GET /sidebar/Inventory 304 - 262ms {"method":"GET","url":"/sidebar/Inventory","status":304,"duration":"262ms","route":"/sidebar/:businessType"}
2025-12-11 13:26:20 [INFO] [request.logger.js:100 ServerResponse.<anonymous>]: GET /sidebar/Inventory 304 - 254ms {"method":"GET","url":"/sidebar/Inventory","status":304,"duration":"254ms","route":"/sidebar/:businessType"}
2025-12-11 13:33:07 [INFO] [request.logger.js:100 ServerResponse.<anonymous>]: GET /sidebar/69391e127c8f649a5887127e 304 - 267ms {"method":"GET","url":"/sidebar/69391e127c8f649a5887127e","status":304,"duration":"267ms","route":"/sidebar/:businessType"}
2025-12-11 13:33:07 [INFO] [request.logger.js:100 ServerResponse.<anonymous>]: GET /sidebar/Inventory 304 - 279ms {"method":"GET","url":"/sidebar/Inventory","status":304,"duration":"279ms","route":"/sidebar/:businessType"}
2025-12-11 13:33:07 [INFO] [request.logger.js:100 ServerResponse.<anonymous>]: GET /sidebar/Inventory 304 - 238ms {"method":"GET","url":"/sidebar/Inventory","status":304,"duration":"238ms","route":"/sidebar/:businessType"}
2025-12-11 13:38:37 [INFO] [request.logger.js:100 ServerResponse.<anonymous>]: GET /sidebar/69391e127c8f649a5887127e 304 - 244ms {"method":"GET","url":"/sidebar/69391e127c8f649a5887127e","status":304,"duration":"244ms","route":"/sidebar/:businessType"}
2025-12-11 13:38:37 [INFO] [request.logger.js:100 ServerResponse.<anonymous>]: GET /sidebar/Inventory 304 - 254ms {"method":"GET","url":"/sidebar/Inventory","status":304,"duration":"254ms","route":"/sidebar/:businessType"}
2025-12-11 13:38:38 [INFO] [request.logger.js:100 ServerResponse.<anonymous>]: GET /sidebar/Inventory 304 - 248ms {"method":"GET","url":"/sidebar/Inventory","status":304,"duration":"248ms","route":"/sidebar/:businessType"}
2025-12-11 13:45:26 [INFO] [request.logger.js:100 ServerResponse.<anonymous>]: GET /sidebar/69391e127c8f649a5887127e 304 - 268ms {"method":"GET","url":"/sidebar/69391e127c8f649a5887127e","status":304,"duration":"268ms","route":"/sidebar/:businessType"}
2025-12-11 13:45:26 [INFO] [request.logger.js:100 ServerResponse.<anonymous>]: GET /sidebar/Inventory 304 - 284ms {"method":"GET","url":"/sidebar/Inventory","status":304,"duration":"284ms","route":"/sidebar/:businessType"}
2025-12-11 13:45:26 [INFO] [request.logger.js:100 ServerResponse.<anonymous>]: GET /sidebar/Inventory 304 - 260ms {"method":"GET","url":"/sidebar/Inventory","status":304,"duration":"260ms","route":"/sidebar/:businessType"}
2025-12-11 14:23:11 [INFO] [request.logger.js:100 ServerResponse.<anonymous>]: GET /sidebar/69391e127c8f649a5887127e 304 - 265ms {"method":"GET","url":"/sidebar/69391e127c8f649a5887127e","status":304,"duration":"265ms","route":"/sidebar/:businessType"}
2025-12-11 14:23:11 [INFO] [request.logger.js:100 ServerResponse.<anonymous>]: GET /sidebar/Inventory 304 - 286ms {"method":"GET","url":"/sidebar/Inventory","status":304,"duration":"286ms","route":"/sidebar/:businessType"}
2025-12-11 14:23:12 [INFO] [request.logger.js:100 ServerResponse.<anonymous>]: GET /sidebar/Inventory 304 - 233ms {"method":"GET","url":"/sidebar/Inventory","status":304,"duration":"233ms","route":"/sidebar/:businessType"}
2025-12-11 16:01:05 [INFO] [request.logger.js:100 ServerResponse.<anonymous>]: GET /sidebar/69391e127c8f649a5887127e 304 - 248ms {"method":"GET","url":"/sidebar/69391e127c8f649a5887127e","status":304,"duration":"248ms","route":"/sidebar/:businessType"}
2025-12-11 16:01:05 [INFO] [request.logger.js:100 ServerResponse.<anonymous>]: GET /sidebar/Inventory 304 - 276ms {"method":"GET","url":"/sidebar/Inventory","status":304,"duration":"276ms","route":"/sidebar/:businessType"}
2025-12-11 16:01:05 [INFO] [request.logger.js:100 ServerResponse.<anonymous>]: GET /sidebar/Inventory 304 - 234ms {"method":"GET","url":"/sidebar/Inventory","status":304,"duration":"234ms","route":"/sidebar/:businessType"}
2025-12-11 16:22:53 [INFO] [request.logger.js:100 ServerResponse.<anonymous>]: GET /sidebar/69391e127c8f649a5887127e 304 - 264ms {"method":"GET","url":"/sidebar/69391e127c8f649a5887127e","status":304,"duration":"264ms","route":"/sidebar/:businessType"}
2025-12-11 16:22:53 [INFO] [request.logger.js:100 ServerResponse.<anonymous>]: GET /sidebar/Inventory 304 - 282ms {"method":"GET","url":"/sidebar/Inventory","status":304,"duration":"282ms","route":"/sidebar/:businessType"}
2025-12-11 16:22:54 [INFO] [request.logger.js:100 ServerResponse.<anonymous>]: GET /sidebar/Inventory 304 - 243ms {"method":"GET","url":"/sidebar/Inventory","status":304,"duration":"243ms","route":"/sidebar/:businessType"}
2025-12-11 16:24:06 [INFO] [request.logger.js:100 ServerResponse.<anonymous>]: GET /sidebar/69391e127c8f649a5887127e 304 - 257ms {"method":"GET","url":"/sidebar/69391e127c8f649a5887127e","status":304,"duration":"257ms","route":"/sidebar/:businessType"}
2025-12-11 16:24:06 [INFO] [request.logger.js:100 ServerResponse.<anonymous>]: GET /sidebar/Inventory 304 - 269ms {"method":"GET","url":"/sidebar/Inventory","status":304,"duration":"269ms","route":"/sidebar/:businessType"}
2025-12-11 16:24:07 [INFO] [request.logger.js:100 ServerResponse.<anonymous>]: GET /sidebar/Inventory 304 - 233ms {"method":"GET","url":"/sidebar/Inventory","status":304,"duration":"233ms","route":"/sidebar/:businessType"}
2025-12-11 16:25:40 [INFO] [request.logger.js:100 ServerResponse.<anonymous>]: GET /sidebar/69391e127c8f649a5887127e 304 - 257ms {"method":"GET","url":"/sidebar/69391e127c8f649a5887127e","status":304,"duration":"257ms","route":"/sidebar/:businessType"}
2025-12-11 16:25:40 [INFO] [request.logger.js:100 ServerResponse.<anonymous>]: GET /sidebar/Inventory 304 - 265ms {"method":"GET","url":"/sidebar/Inventory","status":304,"duration":"265ms","route":"/sidebar/:businessType"}
2025-12-11 16:25:40 [INFO] [request.logger.js:100 ServerResponse.<anonymous>]: GET /sidebar/Inventory 304 - 229ms {"method":"GET","url":"/sidebar/Inventory","status":304,"duration":"229ms","route":"/sidebar/:businessType"}
2025-12-11 16:45:44 [INFO] [request.logger.js:100 ServerResponse.<anonymous>]: GET /sidebar/69391e127c8f649a5887127e 304 - 289ms {"method":"GET","url":"/sidebar/69391e127c8f649a5887127e","status":304,"duration":"289ms","route":"/sidebar/:businessType"}
2025-12-11 16:45:44 [INFO] [request.logger.js:100 ServerResponse.<anonymous>]: GET /sidebar/Inventory 304 - 309ms {"method":"GET","url":"/sidebar/Inventory","status":304,"duration":"309ms","route":"/sidebar/:businessType"}
2025-12-11 16:45:44 [INFO] [request.logger.js:100 ServerResponse.<anonymous>]: GET /sidebar/Inventory 304 - 234ms {"method":"GET","url":"/sidebar/Inventory","status":304,"duration":"234ms","route":"/sidebar/:businessType"}
2025-12-11 17:37:47 [ERROR] [request.logger.js:96 ServerResponse.<anonymous>]: GET /sidebar/Inventory 500 - 30013ms {"method":"GET","url":"/sidebar/Inventory","status":500,"duration":"30013ms","route":"/sidebar/:businessType"}
2025-12-11 17:37:47 [ERROR] [request.logger.js:96 ServerResponse.<anonymous>]: GET /sidebar/69391e127c8f649a5887127e 500 - 30015ms {"method":"GET","url":"/sidebar/69391e127c8f649a5887127e","status":500,"duration":"30015ms","route":"/sidebar/:businessType"}
2025-12-11 17:39:15 [INFO] [request.logger.js:100 ServerResponse.<anonymous>]: GET /sidebar/69391e127c8f649a5887127e 200 - 651ms {"method":"GET","url":"/sidebar/69391e127c8f649a5887127e","status":200,"duration":"651ms","route":"/sidebar/:businessType"}
2025-12-11 17:39:15 [INFO] [request.logger.js:100 ServerResponse.<anonymous>]: GET /sidebar/Inventory 200 - 680ms {"method":"GET","url":"/sidebar/Inventory","status":200,"duration":"680ms","route":"/sidebar/:businessType"}
2025-12-11 17:39:16 [INFO] [request.logger.js:100 ServerResponse.<anonymous>]: GET /sidebar/Inventory 304 - 269ms {"method":"GET","url":"/sidebar/Inventory","status":304,"duration":"269ms","route":"/sidebar/:businessType"}
2025-12-11 18:24:06 [INFO] [request.logger.js:100 ServerResponse.<anonymous>]: GET /sidebar/69391e127c8f649a5887127e 304 - 287ms {"method":"GET","url":"/sidebar/69391e127c8f649a5887127e","status":304,"duration":"287ms","route":"/sidebar/:businessType"}
2025-12-11 18:24:06 [INFO] [request.logger.js:100 ServerResponse.<anonymous>]: GET /sidebar/Inventory 304 - 323ms {"method":"GET","url":"/sidebar/Inventory","status":304,"duration":"323ms","route":"/sidebar/:businessType"}
2025-12-11 18:24:07 [INFO] [request.logger.js:100 ServerResponse.<anonymous>]: GET /sidebar/Inventory 304 - 261ms {"method":"GET","url":"/sidebar/Inventory","status":304,"duration":"261ms","route":"/sidebar/:businessType"}
