2025-12-06 11:13:40 [INFO] [index.js:10 Server.<anonymous>]: Server running on port 5001
2025-12-06 11:16:38 [INFO] [index.js:10 Server.<anonymous>]: Server running on port 5001
2025-12-06 11:16:49 [INFO] [index.js:10 Server.<anonymous>]: Server running on port 5001
2025-12-06 11:31:35 [INFO] [index.js:10 Server.<anonymous>]: Server running on port 5001
2025-12-06 11:33:56 [INFO] [request.logger.js:100 ServerResponse.<anonymous>]: POST /business-types 201 - 111ms {"method":"POST","url":"/business-types","status":201,"duration":"111ms","route":"/business-types","requestBody":{"name":"Pharmacy"},"responseBody":{"statusCode":201,"success":true,"message":"Business type created successfully","data":{"name":"Pharmacy","isActive":true,"_id":"6933c74bb18f7f88d013f5e9","createdAt":"2025-12-06T06:03:56.002Z","updatedAt":"2025-12-06T06:03:56.002Z","__v":0}}}
2025-12-06 11:37:00 [INFO] [index.js:10 Server.<anonymous>]: Server running on port 5001
2025-12-06 11:37:06 [INFO] [index.js:10 Server.<anonymous>]: Server running on port 5001
2025-12-06 11:42:38 [INFO] [index.js:10 Server.<anonymous>]: Server running on port 5001
2025-12-06 11:45:23 [INFO] [index.js:10 Server.<anonymous>]: Server running on port 5001
2025-12-06 11:47:44 [WARN] [request.logger.js:98 ServerResponse.<anonymous>]: POST /api/menu/section 404 - 5ms {"method":"POST","url":"/api/menu/section","status":404,"duration":"5ms","requestBody":{"businessType":"6933c74bb18f7f88d013f5e9","label":"Analytics"}}
2025-12-06 11:49:13 [INFO] [index.js:10 Server.<anonymous>]: Server running on port 5001
2025-12-06 11:49:38 [INFO] [index.js:10 Server.<anonymous>]: Server running on port 5001
2025-12-06 11:49:40 [WARN] [request.logger.js:98 ServerResponse.<anonymous>]: POST /api/menu/section 404 - 2ms {"method":"POST","url":"/api/menu/section","status":404,"duration":"2ms","requestBody":{"businessType":"6933c74bb18f7f88d013f5e9","label":"Analytics"}}
2025-12-06 11:50:44 [ERROR] [request.logger.js:96 ServerResponse.<anonymous>]: POST /section 500 - 46ms {"method":"POST","url":"/section","status":500,"duration":"46ms","route":"/section","requestBody":{"businessType":"6933c74bb18f7f88d013f5e9","label":"Analytics"},"responseBody":{"statusCode":500,"success":false,"message":"Failed to create record","data":null}}
2025-12-06 11:52:42 [INFO] [index.js:10 Server.<anonymous>]: Server running on port 5001
2025-12-06 11:52:47 [INFO] [index.js:10 Server.<anonymous>]: Server running on port 5001
2025-12-06 11:52:53 [ERROR] [request.logger.js:96 ServerResponse.<anonymous>]: POST /section 500 - 41ms {"method":"POST","url":"/section","status":500,"duration":"41ms","route":"/section","requestBody":{"businessType":"6933c74bb18f7f88d013f5e9","label":"Analytics"},"responseBody":{"statusCode":500,"success":false,"message":"Failed to create record","data":null}}
2025-12-06 11:52:54 [ERROR] [request.logger.js:96 ServerResponse.<anonymous>]: POST /section 500 - 36ms {"method":"POST","url":"/section","status":500,"duration":"36ms","route":"/section","requestBody":{"businessType":"6933c74bb18f7f88d013f5e9","label":"Analytics"},"responseBody":{"statusCode":500,"success":false,"message":"Failed to create record","data":null}}
2025-12-06 11:52:54 [ERROR] [request.logger.js:96 ServerResponse.<anonymous>]: POST /section 500 - 33ms {"method":"POST","url":"/section","status":500,"duration":"33ms","route":"/section","requestBody":{"businessType":"6933c74bb18f7f88d013f5e9","label":"Analytics"},"responseBody":{"statusCode":500,"success":false,"message":"Failed to create record","data":null}}
2025-12-06 11:52:54 [ERROR] [request.logger.js:96 ServerResponse.<anonymous>]: POST /section 500 - 32ms {"method":"POST","url":"/section","status":500,"duration":"32ms","route":"/section","requestBody":{"businessType":"6933c74bb18f7f88d013f5e9","label":"Analytics"},"responseBody":{"statusCode":500,"success":false,"message":"Failed to create record","data":null}}
2025-12-06 11:52:54 [ERROR] [request.logger.js:96 ServerResponse.<anonymous>]: POST /section 500 - 45ms {"method":"POST","url":"/section","status":500,"duration":"45ms","route":"/section","requestBody":{"businessType":"6933c74bb18f7f88d013f5e9","label":"Analytics"},"responseBody":{"statusCode":500,"success":false,"message":"Failed to create record","data":null}}
2025-12-06 11:52:54 [ERROR] [request.logger.js:96 ServerResponse.<anonymous>]: POST /section 500 - 33ms {"method":"POST","url":"/section","status":500,"duration":"33ms","route":"/section","requestBody":{"businessType":"6933c74bb18f7f88d013f5e9","label":"Analytics"},"responseBody":{"statusCode":500,"success":false,"message":"Failed to create record","data":null}}
2025-12-06 11:54:04 [INFO] [index.js:10 Server.<anonymous>]: Server running on port 5001
2025-12-06 11:54:40 [INFO] [index.js:10 Server.<anonymous>]: Server running on port 5001
2025-12-06 11:55:10 [INFO] [index.js:10 Server.<anonymous>]: Server running on port 5001
2025-12-06 12:01:35 [INFO] [index.js:10 Server.<anonymous>]: Server running on port 5001
2025-12-06 12:01:43 [INFO] [index.js:10 Server.<anonymous>]: Server running on port 5001
2025-12-06 12:10:32 [INFO] [request.logger.js:100 ServerResponse.<anonymous>]: POST /item 201 - 198ms {"method":"POST","url":"/item","status":201,"duration":"198ms","route":"/item","requestBody":{"sectionRef":"6933cc291706dce002167da2","title":"Dashboard","icon":"home","path":"/dashboard/main"},"responseBody":{"statusCode":201,"success":true,"message":"Menu item created successfully","data":{"sectionRef":{"_id":"6933cc291706dce002167da2","businessType":"6933c74bb18f7f88d013f5e9","sectionId":"analytics","label":"Analytics"},"title":"Dashboard","icon":"home","path":"/dashboard/main","parentId":null,"level":0,"order":1,"allowedRoles":[],"isActive":true,"_id":"6933cfe0a485f7228b93a2ac","createdAt":"2025-12-06T06:40:32.585Z","updatedAt":"2025-12-06T06:40:32.585Z","__v":0,"id":"6933cfe0a485f7228b93a2ac"}}}
2025-12-06 12:12:11 [ERROR] [request.logger.js:96 ServerResponse.<anonymous>]: GET /sidebar/pharmacy 500 - 12ms {"method":"GET","url":"/sidebar/pharmacy","status":500,"duration":"12ms","route":"/sidebar/:businessType","requestBody":{"sectionRef":"6933cc291706dce002167da2","title":"Dashboard","icon":"home","path":"/dashboard/main"}}
2025-12-06 12:12:12 [ERROR] [request.logger.js:96 ServerResponse.<anonymous>]: GET /sidebar/pharmacy 500 - 2ms {"method":"GET","url":"/sidebar/pharmacy","status":500,"duration":"2ms","route":"/sidebar/:businessType","requestBody":{"sectionRef":"6933cc291706dce002167da2","title":"Dashboard","icon":"home","path":"/dashboard/main"}}
2025-12-06 12:12:13 [ERROR] [request.logger.js:96 ServerResponse.<anonymous>]: GET /sidebar/pharmacy 500 - 2ms {"method":"GET","url":"/sidebar/pharmacy","status":500,"duration":"2ms","route":"/sidebar/:businessType","requestBody":{"sectionRef":"6933cc291706dce002167da2","title":"Dashboard","icon":"home","path":"/dashboard/main"}}
2025-12-06 12:12:13 [ERROR] [request.logger.js:96 ServerResponse.<anonymous>]: GET /sidebar/pharmacy 500 - 2ms {"method":"GET","url":"/sidebar/pharmacy","status":500,"duration":"2ms","route":"/sidebar/:businessType","requestBody":{"sectionRef":"6933cc291706dce002167da2","title":"Dashboard","icon":"home","path":"/dashboard/main"}}
2025-12-06 12:12:13 [ERROR] [request.logger.js:96 ServerResponse.<anonymous>]: GET /sidebar/pharmacy 500 - 2ms {"method":"GET","url":"/sidebar/pharmacy","status":500,"duration":"2ms","route":"/sidebar/:businessType","requestBody":{"sectionRef":"6933cc291706dce002167da2","title":"Dashboard","icon":"home","path":"/dashboard/main"}}
2025-12-06 12:12:13 [ERROR] [request.logger.js:96 ServerResponse.<anonymous>]: GET /sidebar/pharmacy 500 - 2ms {"method":"GET","url":"/sidebar/pharmacy","status":500,"duration":"2ms","route":"/sidebar/:businessType","requestBody":{"sectionRef":"6933cc291706dce002167da2","title":"Dashboard","icon":"home","path":"/dashboard/main"}}
2025-12-06 12:12:14 [ERROR] [request.logger.js:96 ServerResponse.<anonymous>]: GET /sidebar/pharmacy 500 - 2ms {"method":"GET","url":"/sidebar/pharmacy","status":500,"duration":"2ms","route":"/sidebar/:businessType","requestBody":{"sectionRef":"6933cc291706dce002167da2","title":"Dashboard","icon":"home","path":"/dashboard/main"}}
2025-12-06 12:12:14 [ERROR] [request.logger.js:96 ServerResponse.<anonymous>]: GET /sidebar/pharmacy 500 - 3ms {"method":"GET","url":"/sidebar/pharmacy","status":500,"duration":"3ms","route":"/sidebar/:businessType","requestBody":{"sectionRef":"6933cc291706dce002167da2","title":"Dashboard","icon":"home","path":"/dashboard/main"}}
2025-12-06 12:12:14 [ERROR] [request.logger.js:96 ServerResponse.<anonymous>]: GET /sidebar/pharmacy 500 - 3ms {"method":"GET","url":"/sidebar/pharmacy","status":500,"duration":"3ms","route":"/sidebar/:businessType","requestBody":{"sectionRef":"6933cc291706dce002167da2","title":"Dashboard","icon":"home","path":"/dashboard/main"}}
2025-12-06 12:12:14 [ERROR] [request.logger.js:96 ServerResponse.<anonymous>]: GET /sidebar/pharmacy 500 - 2ms {"method":"GET","url":"/sidebar/pharmacy","status":500,"duration":"2ms","route":"/sidebar/:businessType","requestBody":{"sectionRef":"6933cc291706dce002167da2","title":"Dashboard","icon":"home","path":"/dashboard/main"}}
2025-12-06 12:12:14 [ERROR] [request.logger.js:96 ServerResponse.<anonymous>]: GET /sidebar/pharmacy 500 - 2ms {"method":"GET","url":"/sidebar/pharmacy","status":500,"duration":"2ms","route":"/sidebar/:businessType","requestBody":{"sectionRef":"6933cc291706dce002167da2","title":"Dashboard","icon":"home","path":"/dashboard/main"}}
2025-12-06 12:12:15 [ERROR] [request.logger.js:96 ServerResponse.<anonymous>]: GET /sidebar/pharmacy 500 - 2ms {"method":"GET","url":"/sidebar/pharmacy","status":500,"duration":"2ms","route":"/sidebar/:businessType","requestBody":{"sectionRef":"6933cc291706dce002167da2","title":"Dashboard","icon":"home","path":"/dashboard/main"}}
2025-12-06 12:12:34 [ERROR] [request.logger.js:96 ServerResponse.<anonymous>]: GET /sidebar/pharmacy?userRole=doctor 500 - 5ms {"method":"GET","url":"/sidebar/pharmacy?userRole=doctor","status":500,"duration":"5ms","route":"/sidebar/:businessType","query":{"userRole":"doctor"},"requestBody":{"sectionRef":"6933cc291706dce002167da2","title":"Dashboard","icon":"home","path":"/dashboard/main"}}
2025-12-06 12:12:34 [ERROR] [request.logger.js:96 ServerResponse.<anonymous>]: GET /sidebar/pharmacy?userRole=doctor 500 - 4ms {"method":"GET","url":"/sidebar/pharmacy?userRole=doctor","status":500,"duration":"4ms","route":"/sidebar/:businessType","query":{"userRole":"doctor"},"requestBody":{"sectionRef":"6933cc291706dce002167da2","title":"Dashboard","icon":"home","path":"/dashboard/main"}}
2025-12-06 12:12:34 [ERROR] [request.logger.js:96 ServerResponse.<anonymous>]: GET /sidebar/pharmacy?userRole=doctor 500 - 2ms {"method":"GET","url":"/sidebar/pharmacy?userRole=doctor","status":500,"duration":"2ms","route":"/sidebar/:businessType","query":{"userRole":"doctor"},"requestBody":{"sectionRef":"6933cc291706dce002167da2","title":"Dashboard","icon":"home","path":"/dashboard/main"}}
2025-12-06 12:13:32 [WARN] [request.logger.js:98 ServerResponse.<anonymous>]: GET /sidebar/6933c74bb18f7f88d013f5e9?userRole=doctor 404 - 34ms {"method":"GET","url":"/sidebar/6933c74bb18f7f88d013f5e9?userRole=doctor","status":404,"duration":"34ms","route":"/sidebar/:businessType","query":{"userRole":"doctor"},"requestBody":{"sectionRef":"6933cc291706dce002167da2","title":"Dashboard","icon":"home","path":"/dashboard/main"}}
2025-12-06 12:13:33 [WARN] [request.logger.js:98 ServerResponse.<anonymous>]: GET /sidebar/6933c74bb18f7f88d013f5e9?userRole=doctor 404 - 33ms {"method":"GET","url":"/sidebar/6933c74bb18f7f88d013f5e9?userRole=doctor","status":404,"duration":"33ms","route":"/sidebar/:businessType","query":{"userRole":"doctor"},"requestBody":{"sectionRef":"6933cc291706dce002167da2","title":"Dashboard","icon":"home","path":"/dashboard/main"}}
2025-12-06 12:13:33 [WARN] [request.logger.js:98 ServerResponse.<anonymous>]: GET /sidebar/6933c74bb18f7f88d013f5e9?userRole=doctor 404 - 36ms {"method":"GET","url":"/sidebar/6933c74bb18f7f88d013f5e9?userRole=doctor","status":404,"duration":"36ms","route":"/sidebar/:businessType","query":{"userRole":"doctor"},"requestBody":{"sectionRef":"6933cc291706dce002167da2","title":"Dashboard","icon":"home","path":"/dashboard/main"}}
2025-12-06 12:13:39 [ERROR] [request.logger.js:96 ServerResponse.<anonymous>]: GET /sidebar/pharmacy?userRole=doctor 500 - 1ms {"method":"GET","url":"/sidebar/pharmacy?userRole=doctor","status":500,"duration":"1ms","route":"/sidebar/:businessType","query":{"userRole":"doctor"},"requestBody":{"sectionRef":"6933cc291706dce002167da2","title":"Dashboard","icon":"home","path":"/dashboard/main"}}
2025-12-06 12:18:26 [INFO] [request.logger.js:100 ServerResponse.<anonymous>]: POST /base-route 201 - 88ms {"method":"POST","url":"/base-route","status":201,"duration":"88ms","route":"/base-route","requestBody":{"businessType":"6933c74bb18f7f88d013f5e9","baseRoute":"/dashboard/main"},"responseBody":{"statusCode":201,"success":true,"message":"Base route created successfully","data":{"businessType":"6933c74bb18f7f88d013f5e9","baseRoute":"/dashboard/main","isActive":true,"_id":"6933d1baa485f7228b93a2b4","createdAt":"2025-12-06T06:48:26.932Z","updatedAt":"2025-12-06T06:48:26.932Z","__v":0}}}
2025-12-06 12:18:58 [ERROR] [request.logger.js:96 ServerResponse.<anonymous>]: GET /sidebar/pharmacy 500 - 4ms {"method":"GET","url":"/sidebar/pharmacy","status":500,"duration":"4ms","route":"/sidebar/:businessType","requestBody":{"businessType":"6933c74bb18f7f88d013f5e9","baseRoute":"/dashboard/main"}}
2025-12-06 12:18:59 [ERROR] [request.logger.js:96 ServerResponse.<anonymous>]: GET /sidebar/pharmacy 500 - 2ms {"method":"GET","url":"/sidebar/pharmacy","status":500,"duration":"2ms","route":"/sidebar/:businessType","requestBody":{"businessType":"6933c74bb18f7f88d013f5e9","baseRoute":"/dashboard/main"}}
2025-12-06 12:18:59 [ERROR] [request.logger.js:96 ServerResponse.<anonymous>]: GET /sidebar/pharmacy 500 - 1ms {"method":"GET","url":"/sidebar/pharmacy","status":500,"duration":"1ms","route":"/sidebar/:businessType","requestBody":{"businessType":"6933c74bb18f7f88d013f5e9","baseRoute":"/dashboard/main"}}
2025-12-06 12:18:59 [ERROR] [request.logger.js:96 ServerResponse.<anonymous>]: GET /sidebar/pharmacy 500 - 16ms {"method":"GET","url":"/sidebar/pharmacy","status":500,"duration":"16ms","route":"/sidebar/:businessType","requestBody":{"businessType":"6933c74bb18f7f88d013f5e9","baseRoute":"/dashboard/main"}}
2025-12-06 12:18:59 [ERROR] [request.logger.js:96 ServerResponse.<anonymous>]: GET /sidebar/pharmacy 500 - 1ms {"method":"GET","url":"/sidebar/pharmacy","status":500,"duration":"1ms","route":"/sidebar/:businessType","requestBody":{"businessType":"6933c74bb18f7f88d013f5e9","baseRoute":"/dashboard/main"}}
2025-12-06 12:18:59 [ERROR] [request.logger.js:96 ServerResponse.<anonymous>]: GET /sidebar/pharmacy 500 - 1ms {"method":"GET","url":"/sidebar/pharmacy","status":500,"duration":"1ms","route":"/sidebar/:businessType","requestBody":{"businessType":"6933c74bb18f7f88d013f5e9","baseRoute":"/dashboard/main"}}
2025-12-06 12:18:59 [ERROR] [request.logger.js:96 ServerResponse.<anonymous>]: GET /sidebar/pharmacy 500 - 2ms {"method":"GET","url":"/sidebar/pharmacy","status":500,"duration":"2ms","route":"/sidebar/:businessType","requestBody":{"businessType":"6933c74bb18f7f88d013f5e9","baseRoute":"/dashboard/main"}}
2025-12-06 12:19:00 [ERROR] [request.logger.js:96 ServerResponse.<anonymous>]: GET /sidebar/pharmacy 500 - 2ms {"method":"GET","url":"/sidebar/pharmacy","status":500,"duration":"2ms","route":"/sidebar/:businessType","requestBody":{"businessType":"6933c74bb18f7f88d013f5e9","baseRoute":"/dashboard/main"}}
2025-12-06 12:19:00 [ERROR] [request.logger.js:96 ServerResponse.<anonymous>]: GET /sidebar/pharmacy 500 - 1ms {"method":"GET","url":"/sidebar/pharmacy","status":500,"duration":"1ms","route":"/sidebar/:businessType","requestBody":{"businessType":"6933c74bb18f7f88d013f5e9","baseRoute":"/dashboard/main"}}
2025-12-06 12:19:00 [ERROR] [request.logger.js:96 ServerResponse.<anonymous>]: GET /sidebar/pharmacy 500 - 3ms {"method":"GET","url":"/sidebar/pharmacy","status":500,"duration":"3ms","route":"/sidebar/:businessType","requestBody":{"businessType":"6933c74bb18f7f88d013f5e9","baseRoute":"/dashboard/main"}}
2025-12-06 12:19:00 [ERROR] [request.logger.js:96 ServerResponse.<anonymous>]: GET /sidebar/pharmacy 500 - 3ms {"method":"GET","url":"/sidebar/pharmacy","status":500,"duration":"3ms","route":"/sidebar/:businessType","requestBody":{"businessType":"6933c74bb18f7f88d013f5e9","baseRoute":"/dashboard/main"}}
2025-12-06 12:19:01 [ERROR] [request.logger.js:96 ServerResponse.<anonymous>]: GET /sidebar/pharmacy 500 - 2ms {"method":"GET","url":"/sidebar/pharmacy","status":500,"duration":"2ms","route":"/sidebar/:businessType","requestBody":{"businessType":"6933c74bb18f7f88d013f5e9","baseRoute":"/dashboard/main"}}
2025-12-06 12:19:01 [ERROR] [request.logger.js:96 ServerResponse.<anonymous>]: GET /sidebar/pharmacy 500 - 2ms {"method":"GET","url":"/sidebar/pharmacy","status":500,"duration":"2ms","route":"/sidebar/:businessType","requestBody":{"businessType":"6933c74bb18f7f88d013f5e9","baseRoute":"/dashboard/main"}}
2025-12-06 12:19:01 [ERROR] [request.logger.js:96 ServerResponse.<anonymous>]: GET /sidebar/pharmacy 500 - 1ms {"method":"GET","url":"/sidebar/pharmacy","status":500,"duration":"1ms","route":"/sidebar/:businessType","requestBody":{"businessType":"6933c74bb18f7f88d013f5e9","baseRoute":"/dashboard/main"}}
2025-12-06 12:19:01 [ERROR] [request.logger.js:96 ServerResponse.<anonymous>]: GET /sidebar/pharmacy 500 - 1ms {"method":"GET","url":"/sidebar/pharmacy","status":500,"duration":"1ms","route":"/sidebar/:businessType","requestBody":{"businessType":"6933c74bb18f7f88d013f5e9","baseRoute":"/dashboard/main"}}
2025-12-06 12:19:01 [ERROR] [request.logger.js:96 ServerResponse.<anonymous>]: GET /sidebar/pharmacy 500 - 2ms {"method":"GET","url":"/sidebar/pharmacy","status":500,"duration":"2ms","route":"/sidebar/:businessType","requestBody":{"businessType":"6933c74bb18f7f88d013f5e9","baseRoute":"/dashboard/main"}}
2025-12-06 12:19:01 [ERROR] [request.logger.js:96 ServerResponse.<anonymous>]: GET /sidebar/pharmacy 500 - 0ms {"method":"GET","url":"/sidebar/pharmacy","status":500,"duration":"0ms","route":"/sidebar/:businessType","requestBody":{"businessType":"6933c74bb18f7f88d013f5e9","baseRoute":"/dashboard/main"}}
2025-12-06 12:19:02 [ERROR] [request.logger.js:96 ServerResponse.<anonymous>]: GET /sidebar/pharmacy 500 - 1ms {"method":"GET","url":"/sidebar/pharmacy","status":500,"duration":"1ms","route":"/sidebar/:businessType","requestBody":{"businessType":"6933c74bb18f7f88d013f5e9","baseRoute":"/dashboard/main"}}
2025-12-06 12:19:02 [ERROR] [request.logger.js:96 ServerResponse.<anonymous>]: GET /sidebar/pharmacy 500 - 2ms {"method":"GET","url":"/sidebar/pharmacy","status":500,"duration":"2ms","route":"/sidebar/:businessType","requestBody":{"businessType":"6933c74bb18f7f88d013f5e9","baseRoute":"/dashboard/main"}}
2025-12-06 12:19:02 [ERROR] [request.logger.js:96 ServerResponse.<anonymous>]: GET /sidebar/pharmacy 500 - 3ms {"method":"GET","url":"/sidebar/pharmacy","status":500,"duration":"3ms","route":"/sidebar/:businessType","requestBody":{"businessType":"6933c74bb18f7f88d013f5e9","baseRoute":"/dashboard/main"}}
2025-12-06 12:19:02 [ERROR] [request.logger.js:96 ServerResponse.<anonymous>]: GET /sidebar/pharmacy 500 - 2ms {"method":"GET","url":"/sidebar/pharmacy","status":500,"duration":"2ms","route":"/sidebar/:businessType","requestBody":{"businessType":"6933c74bb18f7f88d013f5e9","baseRoute":"/dashboard/main"}}
2025-12-06 12:19:03 [ERROR] [request.logger.js:96 ServerResponse.<anonymous>]: GET /sidebar/pharmacy 500 - 1ms {"method":"GET","url":"/sidebar/pharmacy","status":500,"duration":"1ms","route":"/sidebar/:businessType","requestBody":{"businessType":"6933c74bb18f7f88d013f5e9","baseRoute":"/dashboard/main"}}
2025-12-06 12:20:07 [INFO] [index.js:10 Server.<anonymous>]: Server running on port 5001
2025-12-06 12:21:13 [INFO] [index.js:10 Server.<anonymous>]: Server running on port 5001
2025-12-06 12:21:37 [INFO] [index.js:10 Server.<anonymous>]: Server running on port 5001
2025-12-06 12:24:26 [INFO] [index.js:10 Server.<anonymous>]: Server running on port 5001
